[debug] [2019-09-07T17:36:18.205Z] ----------------------------------------------------------------------
[debug] [2019-09-07T17:36:18.214Z] Command:       C:\Program Files\nodejs\node.exe C:\Users\GWL\AppData\Roaming\npm\node_modules\firebase-tools\lib\bin\firebase.js deploy
[debug] [2019-09-07T17:36:18.215Z] CLI Version:   7.3.0
[debug] [2019-09-07T17:36:18.215Z] Platform:      win32
[debug] [2019-09-07T17:36:18.215Z] Node Version:  v12.9.0
[debug] [2019-09-07T17:36:18.218Z] Time:          Sat Sep 07 2019 23:06:18 GMT+0530 (India Standard Time)
[debug] [2019-09-07T17:36:18.218Z] ----------------------------------------------------------------------
[debug] 
[debug] [2019-09-07T17:36:18.307Z] > command requires scopes: ["email","openid","https://www.googleapis.com/auth/cloudplatformprojects.readonly","https://www.googleapis.com/auth/firebase","https://www.googleapis.com/auth/cloud-platform"]
[debug] [2019-09-07T17:36:18.312Z] > authorizing via signed-in user
[debug] [2019-09-07T17:36:18.313Z] [iam] checking project website-app-35165 for permissions ["firebase.projects.get","firebasehosting.sites.update"]
[debug] [2019-09-07T17:36:18.324Z] > refreshing access token with scopes: ["email","https://www.googleapis.com/auth/cloud-platform","https://www.googleapis.com/auth/cloudplatformprojects.readonly","https://www.googleapis.com/auth/firebase","openid"]
[debug] [2019-09-07T17:36:18.325Z] >>> HTTP REQUEST POST https://www.googleapis.com/oauth2/v3/token  
 <request body omitted>
[debug] [2019-09-07T17:36:22.900Z] <<< HTTP RESPONSE 200
[debug] [2019-09-07T17:36:23.051Z] >>> HTTP REQUEST POST https://cloudresourcemanager.googleapis.com/v1/projects/website-app-35165:testIamPermissions  

[debug] [2019-09-07T17:36:25.731Z] <<< HTTP RESPONSE 200
[debug] [2019-09-07T17:36:25.736Z] >>> HTTP REQUEST GET https://firebase.googleapis.com/v1beta1/projects/website-app-35165  
 
[debug] [2019-09-07T17:36:40.156Z] <<< HTTP RESPONSE 200
[info] 
[info] === Deploying to 'website-app-35165'...
[info] 
[info] i  deploying hosting
[debug] [2019-09-07T17:36:40.174Z] >>> HTTP REQUEST POST https://firebasehosting.googleapis.com/v1beta1/sites/website-app-35165/versions  

[debug] [2019-09-07T17:37:01.154Z] Error: getaddrinfo ENOTFOUND firebasehosting.googleapis.com
    at GetAddrInfoReqWrap.onlookup [as oncomplete] (dns.js:60:26)
[error] 
[error] Error: Server Error. getaddrinfo ENOTFOUND firebasehosting.googleapis.com
